[2026-01-09T15:21:30.704] [ERROR] error - Error handler (404): Ruta no existente
[2026-01-09T15:21:36.523] [ERROR] error - Error handler (404): Sin comentarios...
[2026-01-09T15:21:36.568] [ERROR] error - Error handler (404): Ruta no existente
[2026-01-09T15:22:29.683] [ERROR] error - Error handler (404): Ruta no existente
[2026-01-09T15:22:31.237] [ERROR] error - Error handler (404): Ruta no existente
[2026-01-09T15:22:31.946] [ERROR] error - Error handler (404): Ruta no existente
[2026-01-09T15:22:32.112] [ERROR] error - Error handler (404): Ruta no existente
[2026-01-09T15:22:32.291] [ERROR] error - Error handler (404): Ruta no existente
[2026-01-09T15:22:32.457] [ERROR] error - Error handler (404): Ruta no existente
[2026-01-09T15:24:36.520] [ERROR] error - Error handler (404): Ruta no existente
[2026-01-09T15:24:53.024] [ERROR] error - Error handler (404): Sin comentarios...
[2026-01-09T15:24:53.067] [ERROR] error - Error handler (404): Ruta no existente
[2026-01-09T15:24:56.815] [ERROR] error - Error handler (404): Ruta no existente
[2026-01-09T15:47:46.071] [ERROR] error - Error handler (404): Sin usuarios
[2026-01-09T15:47:46.117] [ERROR] error - Error handler (404): Ruta no existente
[2026-01-09T15:49:13.075] [ERROR] error - Error handler (500): Cannot read properties of undefined (reading 'password')
[2026-01-09T15:50:29.534] [ERROR] error - Error handler (400): Expected double-quoted property name in JSON at position 52 (line 4 column 1)
[2026-01-09T15:51:10.875] [ERROR] error - Error handler (404): Ruta no existente
[2026-01-09T15:54:49.113] [ERROR] error - Error handler (500): E11000 duplicate key error collection: 2526_DAW_DB.users index: username_1 dup key: { username: "pepito29" }
[2026-01-09T16:16:11.845] [ERROR] error - Error handler (500): E11000 duplicate key error collection: 2526_DAW_DB.users index: username_1 dup key: { username: "pepito29" }
[2026-01-09T16:17:24.511] [ERROR] error - Error handler (500): user validation failed: username: Path `username` is required.
[2026-01-09T16:20:32.229] [ERROR] error - Error handler (406): Clave duplicada espabila colega
[2026-01-09T16:21:00.582] [ERROR] error - Error handler (404): Ruta no existente
[2026-01-09T16:25:56.619] [ERROR] error - Error handler (404): Ruta no existente
[2026-01-09T16:25:56.639] [ERROR] error - Error handler (404): Ruta no existente
[2026-01-09T16:25:59.470] [ERROR] error - Error handler (404): Ruta no existente
[2026-01-09T16:26:27.774] [ERROR] error - Error handler (404): Ruta no existente
[2026-01-09T16:39:28.197] [ERROR] error - Error handler (500): data and hash arguments required
[2026-01-09T16:40:43.826] [ERROR] error - Error handler (500): data and hash arguments required
[2026-01-09T16:40:52.706] [ERROR] error - Error handler (500): data and hash arguments required
[2026-01-09T16:42:01.249] [ERROR] error - Error handler (500): data and hash arguments required
[2026-01-09T16:42:33.603] [ERROR] error - Error handler (500): data and hash arguments required
[2026-01-09T16:43:54.632] [ERROR] error - Error handler (401): Usuario y/o contraseña incorrectos
